TN:
SF:src/app.ts
FNF:0
FNH:0
DA:1,1
DA:2,1
DA:3,1
DA:4,1
DA:5,1
DA:6,1
DA:7,1
DA:8,1
DA:9,1
DA:10,1
DA:11,1
DA:12,1
DA:13,1
DA:14,10
DA:15,8
DA:16,8
DA:17,8
DA:18,8
DA:19,8
DA:20,2
DA:21,2
DA:22,2
DA:23,2
DA:24,2
DA:25,0
DA:26,0
DA:27,0
DA:28,0
DA:29,0
DA:30,0
DA:31,0
DA:32,0
DA:33,0
DA:34,0
DA:35,0
DA:36,0
DA:37,0
DA:38,0
DA:39,0
DA:40,0
DA:41,0
LF:41
LH:24
BRDA:13,0,0,10
BRDA:14,1,0,8
BRDA:20,2,0,2
BRDA:25,3,0,0
BRF:4
BRH:3
end_of_record
TN:
SF:src/controllers/class/CreateClassController.ts
FN:8,handle
FNF:1
FNH:1
FNDA:8,handle
DA:1,1
DA:2,1
DA:3,1
DA:4,1
DA:5,1
DA:6,1
DA:7,1
DA:8,1
DA:9,8
DA:10,8
DA:11,8
DA:12,8
DA:13,8
DA:14,8
DA:15,8
DA:16,8
DA:17,8
DA:18,8
DA:19,8
DA:20,8
DA:21,8
DA:22,4
DA:23,4
DA:24,4
DA:25,1
DA:26,1
DA:27,1
LF:27
LH:27
BRDA:8,0,0,8
BRDA:22,1,0,4
BRF:2
BRH:2
end_of_record
TN:
SF:src/controllers/class/UpdateClassController.ts
FN:7,handle
FNF:1
FNH:1
FNDA:1,handle
DA:1,1
DA:2,1
DA:3,1
DA:4,1
DA:5,1
DA:6,1
DA:7,1
DA:8,1
DA:9,1
DA:10,1
DA:11,1
DA:12,1
DA:13,1
DA:14,1
DA:15,1
DA:16,1
DA:17,1
DA:18,1
DA:19,1
DA:20,1
DA:21,1
DA:22,1
DA:23,1
DA:24,1
DA:25,1
DA:26,1
DA:27,1
DA:28,1
LF:28
LH:28
BRDA:7,0,0,1
BRF:1
BRH:1
end_of_record
TN:
SF:src/controllers/network/CreateNetworkController.ts
FN:7,handle
FNF:1
FNH:1
FNDA:11,handle
DA:1,1
DA:2,1
DA:3,1
DA:4,1
DA:5,1
DA:6,1
DA:7,1
DA:8,11
DA:9,11
DA:10,11
DA:11,11
DA:12,11
DA:13,11
DA:14,11
DA:15,11
DA:16,11
DA:17,11
DA:18,1
DA:19,1
DA:20,1
LF:20
LH:20
BRDA:7,0,0,11
BRF:1
BRH:1
end_of_record
TN:
SF:src/controllers/network/UpdateNetworkController.ts
FN:7,handle
FNF:1
FNH:1
FNDA:1,handle
DA:1,1
DA:2,1
DA:3,1
DA:4,1
DA:5,1
DA:6,1
DA:7,1
DA:8,1
DA:9,1
DA:10,1
DA:11,1
DA:12,1
DA:13,1
DA:14,1
DA:15,1
DA:16,1
DA:17,1
DA:18,1
DA:19,1
DA:20,1
DA:21,1
LF:21
LH:21
BRDA:7,0,0,1
BRF:1
BRH:1
end_of_record
TN:
SF:src/controllers/school/CreateSchoolController.ts
FN:8,handle
FNF:1
FNH:1
FNDA:13,handle
DA:1,1
DA:2,1
DA:3,1
DA:4,1
DA:5,1
DA:6,1
DA:7,1
DA:8,1
DA:9,13
DA:10,13
DA:11,13
DA:12,13
DA:13,13
DA:14,13
DA:15,13
DA:16,13
DA:17,13
DA:18,13
DA:19,13
DA:20,13
DA:21,11
DA:22,11
DA:23,11
DA:24,1
DA:25,1
DA:26,1
LF:26
LH:26
BRDA:8,0,0,13
BRDA:21,1,0,11
BRF:2
BRH:2
end_of_record
TN:
SF:src/controllers/school/ListSchoolController.ts
FN:7,handle
FNF:1
FNH:1
FNDA:1,handle
DA:1,1
DA:2,1
DA:3,1
DA:4,1
DA:5,1
DA:6,1
DA:7,1
DA:8,1
DA:9,1
DA:10,1
DA:11,1
DA:12,1
DA:13,1
DA:14,1
DA:15,1
DA:16,1
DA:17,1
DA:18,1
DA:19,1
DA:20,1
LF:20
LH:20
BRDA:7,0,0,1
BRF:1
BRH:1
end_of_record
TN:
SF:src/controllers/school/UpdateSchoolController.ts
FN:7,handle
FNF:1
FNH:1
FNDA:1,handle
DA:1,1
DA:2,1
DA:3,1
DA:4,1
DA:5,1
DA:6,1
DA:7,1
DA:8,1
DA:9,1
DA:10,1
DA:11,1
DA:12,1
DA:13,1
DA:14,1
DA:15,1
DA:16,1
DA:17,1
DA:18,1
DA:19,1
DA:20,1
DA:21,1
DA:22,1
DA:23,1
DA:24,1
DA:25,1
DA:26,1
DA:27,1
LF:27
LH:27
BRDA:7,0,0,1
BRF:1
BRH:1
end_of_record
TN:
SF:src/controllers/student/CreateStudentController.ts
FN:8,handle
FNF:1
FNH:1
FNDA:7,handle
DA:1,1
DA:2,1
DA:3,1
DA:4,1
DA:5,1
DA:6,1
DA:7,1
DA:8,1
DA:9,7
DA:10,7
DA:11,7
DA:12,7
DA:13,7
DA:14,7
DA:15,7
DA:16,7
DA:17,7
DA:18,7
DA:19,7
DA:20,7
DA:21,7
DA:22,7
DA:23,7
DA:24,7
DA:25,7
DA:26,7
DA:27,7
DA:28,7
DA:29,5
DA:30,5
DA:31,5
DA:32,1
DA:33,1
DA:34,1
LF:34
LH:34
BRDA:8,0,0,7
BRDA:29,1,0,5
BRF:2
BRH:2
end_of_record
TN:
SF:src/controllers/student/ListStudentController.ts
FN:7,handle
FNF:1
FNH:1
FNDA:1,handle
DA:1,1
DA:2,1
DA:3,1
DA:4,1
DA:5,1
DA:6,1
DA:7,1
DA:8,1
DA:9,1
DA:10,1
DA:11,1
DA:12,1
DA:13,1
DA:14,1
DA:15,1
DA:16,1
DA:17,1
DA:18,1
DA:19,1
DA:20,1
LF:20
LH:20
BRDA:7,0,0,1
BRF:1
BRH:1
end_of_record
TN:
SF:src/controllers/student/ListStudentInNetworkController.ts
FN:7,handle
FNF:1
FNH:1
FNDA:1,handle
DA:1,1
DA:2,1
DA:3,1
DA:4,1
DA:5,1
DA:6,1
DA:7,1
DA:8,1
DA:9,1
DA:10,1
DA:11,1
DA:12,1
DA:13,1
DA:14,1
DA:15,1
DA:16,1
DA:17,1
DA:18,1
DA:19,1
DA:20,1
LF:20
LH:20
BRDA:7,0,0,1
BRF:1
BRH:1
end_of_record
TN:
SF:src/controllers/student/UpdateStudentController.ts
FN:7,handle
FNF:1
FNH:1
FNDA:1,handle
DA:1,1
DA:2,1
DA:3,1
DA:4,1
DA:5,1
DA:6,1
DA:7,1
DA:8,1
DA:9,1
DA:10,1
DA:11,1
DA:12,1
DA:13,1
DA:14,1
DA:15,1
DA:16,1
DA:17,1
DA:18,1
DA:19,1
DA:20,1
DA:21,1
DA:22,1
DA:23,1
DA:24,1
DA:25,1
DA:26,1
DA:27,1
DA:28,1
DA:29,1
LF:29
LH:29
BRDA:7,0,0,1
BRF:1
BRH:1
end_of_record
TN:
SF:src/controllers/studentClass/CreateStudentClassController.ts
FN:9,handle
FNF:1
FNH:1
FNDA:1,handle
DA:1,1
DA:2,1
DA:3,1
DA:4,1
DA:5,1
DA:6,1
DA:7,1
DA:8,1
DA:9,1
DA:10,1
DA:11,1
DA:12,1
DA:13,1
DA:14,1
DA:15,1
DA:16,1
DA:17,1
DA:18,1
DA:19,1
DA:20,1
DA:21,1
DA:22,1
DA:23,1
DA:24,1
LF:24
LH:24
BRDA:9,0,0,1
BRF:1
BRH:1
end_of_record
TN:
SF:src/controllers/teacher/CreateTeacherController.ts
FN:8,handle
FNF:1
FNH:1
FNDA:5,handle
DA:1,1
DA:2,1
DA:3,1
DA:4,1
DA:5,1
DA:6,1
DA:7,1
DA:8,1
DA:9,5
DA:10,5
DA:11,5
DA:12,5
DA:13,5
DA:14,5
DA:15,5
DA:16,5
DA:17,5
DA:18,5
DA:19,5
DA:20,5
DA:21,5
DA:22,5
DA:23,5
DA:24,5
DA:25,5
DA:26,5
DA:27,5
DA:28,5
DA:29,3
DA:30,3
DA:31,3
DA:32,1
DA:33,1
DA:34,1
LF:34
LH:34
BRDA:8,0,0,5
BRDA:29,1,0,3
BRF:2
BRH:2
end_of_record
TN:
SF:src/controllers/teacher/ListTeacherController.ts
FN:7,handle
FNF:1
FNH:1
FNDA:1,handle
DA:1,1
DA:2,1
DA:3,1
DA:4,1
DA:5,1
DA:6,1
DA:7,1
DA:8,1
DA:9,1
DA:10,1
DA:11,1
DA:12,1
DA:13,1
DA:14,1
DA:15,1
DA:16,1
DA:17,1
DA:18,1
DA:19,1
DA:20,1
LF:20
LH:20
BRDA:7,0,0,1
BRF:1
BRH:1
end_of_record
TN:
SF:src/controllers/teacher/UpdateTeacherController.ts
FN:7,handle
FNF:1
FNH:1
FNDA:1,handle
DA:1,1
DA:2,1
DA:3,1
DA:4,1
DA:5,1
DA:6,1
DA:7,1
DA:8,1
DA:9,1
DA:10,1
DA:11,1
DA:12,1
DA:13,1
DA:14,1
DA:15,1
DA:16,1
DA:17,1
DA:18,1
DA:19,1
DA:20,1
DA:21,1
DA:22,1
DA:23,1
DA:24,1
DA:25,1
DA:26,1
DA:27,1
DA:28,1
DA:29,1
LF:29
LH:29
BRDA:7,0,0,1
BRF:1
BRH:1
end_of_record
TN:
SF:src/controllers/teacherClass/CreateTeacherClassController.ts
FN:9,handle
FNF:1
FNH:1
FNDA:1,handle
DA:1,1
DA:2,1
DA:3,1
DA:4,1
DA:5,1
DA:6,1
DA:7,1
DA:8,1
DA:9,1
DA:10,1
DA:11,1
DA:12,1
DA:13,1
DA:14,1
DA:15,1
DA:16,1
DA:17,1
DA:18,1
DA:19,1
DA:20,1
DA:21,1
DA:22,1
DA:23,1
DA:24,1
LF:24
LH:24
BRDA:9,0,0,1
BRF:1
BRH:1
end_of_record
TN:
SF:src/database/prismaClient.ts
FNF:0
FNH:0
DA:1,1
DA:2,1
DA:3,1
DA:4,1
DA:5,1
LF:5
LH:5
BRF:0
BRH:0
end_of_record
TN:
SF:src/error/AppError.ts
FN:8,AppError
FNF:1
FNH:1
FNDA:8,AppError
DA:1,1
DA:2,1
DA:3,1
DA:4,1
DA:5,1
DA:6,1
DA:7,1
DA:8,1
DA:9,8
DA:10,8
DA:11,8
DA:12,1
DA:13,1
DA:14,1
LF:14
LH:14
BRDA:8,0,0,8
BRF:1
BRH:1
end_of_record
TN:
SF:src/repositories/class/ClassRepository.ts
FN:12,ClassRepository
FN:15,findOne
FN:23,create
FNF:3
FNH:3
FNDA:10,ClassRepository
FNDA:2,findOne
FNDA:4,create
DA:1,1
DA:2,1
DA:3,1
DA:4,1
DA:5,1
DA:6,1
DA:7,1
DA:8,1
DA:9,1
DA:10,1
DA:11,1
DA:12,1
DA:13,10
DA:14,10
DA:15,1
DA:16,2
DA:17,2
DA:18,2
DA:19,2
DA:20,2
DA:21,2
DA:22,1
DA:23,1
DA:24,4
DA:25,4
DA:26,4
DA:27,4
DA:28,4
DA:29,4
DA:30,4
DA:31,4
DA:32,4
DA:33,4
DA:34,4
DA:35,4
DA:36,4
DA:37,4
DA:38,1
DA:39,1
DA:40,1
LF:40
LH:40
BRDA:12,0,0,10
BRDA:15,1,0,2
BRDA:23,2,0,4
BRF:3
BRH:3
end_of_record
TN:
SF:src/repositories/class/UpdateClassRepository.ts
FN:9,UpdateClassRepository
FN:13,updateClass
FNF:2
FNH:2
FNDA:1,UpdateClassRepository
FNDA:1,updateClass
DA:1,1
DA:2,1
DA:3,1
DA:4,1
DA:5,1
DA:6,1
DA:7,1
DA:8,1
DA:9,1
DA:10,1
DA:11,1
DA:12,1
DA:13,1
DA:14,1
DA:15,1
DA:16,1
DA:17,1
DA:18,1
DA:19,1
DA:20,1
DA:21,1
DA:22,1
DA:23,1
DA:24,1
DA:25,1
DA:26,1
DA:27,1
DA:28,1
LF:28
LH:28
BRDA:9,0,0,1
BRDA:13,1,0,1
BRF:2
BRH:2
end_of_record
TN:
SF:src/repositories/network/NetworkRepository.ts
FN:12,NetworkRepository
FN:15,findOne
FN:23,create
FNF:3
FNH:3
FNDA:24,NetworkRepository
FNDA:14,findOne
FNDA:11,create
DA:1,1
DA:2,1
DA:3,1
DA:4,1
DA:5,1
DA:6,1
DA:7,1
DA:8,1
DA:9,1
DA:10,1
DA:11,1
DA:12,1
DA:13,24
DA:14,24
DA:15,1
DA:16,14
DA:17,14
DA:18,14
DA:19,14
DA:20,14
DA:21,14
DA:22,1
DA:23,1
DA:24,11
DA:25,11
DA:26,11
DA:27,11
DA:28,11
DA:29,11
DA:30,1
DA:31,1
DA:32,1
LF:32
LH:32
BRDA:12,0,0,24
BRDA:15,1,0,14
BRDA:23,2,0,11
BRF:3
BRH:3
end_of_record
TN:
SF:src/repositories/network/UpdateNetworkRepository.ts
FN:9,UpdateNetworkRepository
FN:13,updateNetwork
FNF:2
FNH:2
FNDA:1,UpdateNetworkRepository
FNDA:1,updateNetwork
DA:1,1
DA:2,1
DA:3,1
DA:4,1
DA:5,1
DA:6,1
DA:7,1
DA:8,1
DA:9,1
DA:10,1
DA:11,1
DA:12,1
DA:13,1
DA:14,1
DA:15,1
DA:16,1
DA:17,1
DA:18,1
DA:19,1
DA:20,1
DA:21,1
DA:22,1
DA:23,1
DA:24,1
DA:25,1
LF:25
LH:25
BRDA:9,0,0,1
BRDA:13,1,0,1
BRF:2
BRH:2
end_of_record
TN:
SF:src/repositories/school/CreateSchoolRepository.ts
FN:12,CreateSchoolRepository
FN:15,findOne
FN:23,create
FNF:3
FNH:3
FNDA:32,CreateSchoolRepository
FNDA:20,findOne
FNDA:11,create
DA:1,1
DA:2,1
DA:3,1
DA:4,1
DA:5,1
DA:6,1
DA:7,1
DA:8,1
DA:9,1
DA:10,1
DA:11,1
DA:12,1
DA:13,32
DA:14,32
DA:15,1
DA:16,20
DA:17,20
DA:18,20
DA:19,20
DA:20,20
DA:21,20
DA:22,1
DA:23,1
DA:24,11
DA:25,11
DA:26,11
DA:27,11
DA:28,11
DA:29,11
DA:30,11
DA:31,11
DA:32,11
DA:33,11
DA:34,11
DA:35,11
DA:36,1
DA:37,1
DA:38,1
LF:38
LH:38
BRDA:12,0,0,32
BRDA:15,1,0,20
BRDA:23,2,0,11
BRF:3
BRH:3
end_of_record
TN:
SF:src/repositories/school/ListSchoolRepository.ts
FN:9,ListSchoolRepository
FN:13,listSchools
FNF:2
FNH:2
FNDA:1,ListSchoolRepository
FNDA:1,listSchools
DA:1,1
DA:2,1
DA:3,1
DA:4,1
DA:5,1
DA:6,1
DA:7,1
DA:8,1
DA:9,1
DA:10,1
DA:11,1
DA:12,1
DA:13,1
DA:14,1
DA:15,1
DA:16,1
DA:17,1
DA:18,1
DA:19,1
DA:20,1
DA:21,1
DA:22,1
LF:22
LH:22
BRDA:9,0,0,1
BRDA:13,1,0,1
BRF:2
BRH:2
end_of_record
TN:
SF:src/repositories/school/UpdateSchoolRepository.ts
FN:9,UpdateSchoolRepository
FN:13,updateSchool
FNF:2
FNH:2
FNDA:1,UpdateSchoolRepository
FNDA:1,updateSchool
DA:1,1
DA:2,1
DA:3,1
DA:4,1
DA:5,1
DA:6,1
DA:7,1
DA:8,1
DA:9,1
DA:10,1
DA:11,1
DA:12,1
DA:13,1
DA:14,1
DA:15,1
DA:16,1
DA:17,1
DA:18,1
DA:19,1
DA:20,1
DA:21,1
DA:22,1
DA:23,1
DA:24,1
DA:25,1
DA:26,1
DA:27,1
LF:27
LH:27
BRDA:9,0,0,1
BRDA:13,1,0,1
BRF:2
BRH:2
end_of_record
TN:
SF:src/repositories/student/ListStudentInNetworkRepository.ts
FN:10,ListStudentInNetworkRepository
FN:14,listStudentInNetwork
FNF:2
FNH:2
FNDA:1,ListStudentInNetworkRepository
FNDA:1,listStudentInNetwork
DA:1,1
DA:2,1
DA:3,1
DA:4,1
DA:5,1
DA:6,1
DA:7,1
DA:8,1
DA:9,1
DA:10,1
DA:11,1
DA:12,1
DA:13,1
DA:14,1
DA:15,1
DA:16,1
DA:17,1
DA:18,1
DA:19,1
DA:20,1
DA:21,1
DA:22,1
DA:23,1
DA:24,1
DA:25,1
DA:26,1
LF:26
LH:26
BRDA:10,0,0,1
BRDA:14,1,0,1
BRF:2
BRH:2
end_of_record
TN:
SF:src/repositories/student/ListStudentRepository.ts
FN:9,ListStudentRepository
FN:13,listStudent
FNF:2
FNH:2
FNDA:1,ListStudentRepository
FNDA:1,listStudent
DA:1,1
DA:2,1
DA:3,1
DA:4,1
DA:5,1
DA:6,1
DA:7,1
DA:8,1
DA:9,1
DA:10,1
DA:11,1
DA:12,1
DA:13,1
DA:14,1
DA:15,1
DA:16,1
DA:17,1
DA:18,1
DA:19,1
DA:20,1
DA:21,1
DA:22,1
LF:22
LH:22
BRDA:9,0,0,1
BRDA:13,1,0,1
BRF:2
BRH:2
end_of_record
TN:
SF:src/repositories/student/StudentRepository.ts
FN:12,StudentRepository
FN:15,findOne
FN:23,create
FNF:3
FNH:3
FNDA:8,StudentRepository
FNDA:1,findOne
FNDA:5,create
DA:1,1
DA:2,1
DA:3,1
DA:4,1
DA:5,1
DA:6,1
DA:7,1
DA:8,1
DA:9,1
DA:10,1
DA:11,1
DA:12,1
DA:13,8
DA:14,8
DA:15,1
DA:16,1
DA:17,1
DA:18,1
DA:19,1
DA:20,1
DA:21,1
DA:22,1
DA:23,1
DA:24,5
DA:25,5
DA:26,5
DA:27,5
DA:28,5
DA:29,5
DA:30,5
DA:31,5
DA:32,5
DA:33,5
DA:34,5
DA:35,5
DA:36,5
DA:37,5
DA:38,5
DA:39,5
DA:40,5
DA:41,5
DA:42,1
DA:43,1
DA:44,1
LF:44
LH:44
BRDA:12,0,0,8
BRDA:15,1,0,1
BRDA:23,2,0,5
BRF:3
BRH:3
end_of_record
TN:
SF:src/repositories/student/UpdateStudentRepository.ts
FN:11,UpdateStudentRepository
FN:15,updateStudent
FNF:2
FNH:2
FNDA:1,UpdateStudentRepository
FNDA:1,updateStudent
DA:1,1
DA:2,1
DA:3,1
DA:4,1
DA:5,1
DA:6,1
DA:7,1
DA:8,1
DA:9,1
DA:10,1
DA:11,1
DA:12,1
DA:13,1
DA:14,1
DA:15,1
DA:16,1
DA:17,1
DA:18,1
DA:19,1
DA:20,1
DA:21,1
DA:22,1
DA:23,1
DA:24,1
DA:25,1
DA:26,1
DA:27,1
DA:28,1
DA:29,1
DA:30,1
DA:31,1
DA:32,1
DA:33,1
LF:33
LH:33
BRDA:11,0,0,1
BRDA:15,1,0,1
BRF:2
BRH:2
end_of_record
TN:
SF:src/repositories/studentClass/StudentClassRepository.ts
FN:9,StudentClassRepository
FN:13,create
FNF:2
FNH:2
FNDA:1,StudentClassRepository
FNDA:1,create
DA:1,1
DA:2,1
DA:3,1
DA:4,1
DA:5,1
DA:6,1
DA:7,1
DA:8,1
DA:9,1
DA:10,1
DA:11,1
DA:12,1
DA:13,1
DA:14,1
DA:15,1
DA:16,1
DA:17,1
DA:18,1
DA:19,1
DA:20,1
DA:21,1
DA:22,1
DA:23,1
LF:23
LH:23
BRDA:9,0,0,1
BRDA:13,1,0,1
BRF:2
BRH:2
end_of_record
TN:
SF:src/repositories/teacher/ListTeacherRepository.ts
FN:9,ListTeacherRepository
FN:13,listTeacher
FNF:2
FNH:2
FNDA:1,ListTeacherRepository
FNDA:1,listTeacher
DA:1,1
DA:2,1
DA:3,1
DA:4,1
DA:5,1
DA:6,1
DA:7,1
DA:8,1
DA:9,1
DA:10,1
DA:11,1
DA:12,1
DA:13,1
DA:14,1
DA:15,1
DA:16,1
DA:17,1
DA:18,1
DA:19,1
DA:20,1
DA:21,1
DA:22,1
LF:22
LH:22
BRDA:9,0,0,1
BRDA:13,1,0,1
BRF:2
BRH:2
end_of_record
TN:
SF:src/repositories/teacher/TeacherRepository.ts
FN:12,TeacherRepository
FN:15,findOne
FN:23,create
FNF:3
FNH:3
FNDA:6,TeacherRepository
FNDA:1,findOne
FNDA:3,create
DA:1,1
DA:2,1
DA:3,1
DA:4,1
DA:5,1
DA:6,1
DA:7,1
DA:8,1
DA:9,1
DA:10,1
DA:11,1
DA:12,1
DA:13,6
DA:14,6
DA:15,1
DA:16,1
DA:17,1
DA:18,1
DA:19,1
DA:20,1
DA:21,1
DA:22,1
DA:23,1
DA:24,3
DA:25,3
DA:26,3
DA:27,3
DA:28,3
DA:29,3
DA:30,3
DA:31,3
DA:32,3
DA:33,3
DA:34,3
DA:35,3
DA:36,3
DA:37,3
DA:38,3
DA:39,3
DA:40,1
DA:41,1
DA:42,1
LF:42
LH:42
BRDA:12,0,0,6
BRDA:15,1,0,1
BRDA:23,2,0,3
BRF:3
BRH:3
end_of_record
TN:
SF:src/repositories/teacher/UpdateTeacherRepository.ts
FN:9,UpdateTeacherRepository
FN:13,updateTeacher
FNF:2
FNH:2
FNDA:1,UpdateTeacherRepository
FNDA:1,updateTeacher
DA:1,1
DA:2,1
DA:3,1
DA:4,1
DA:5,1
DA:6,1
DA:7,1
DA:8,1
DA:9,1
DA:10,1
DA:11,1
DA:12,1
DA:13,1
DA:14,1
DA:15,1
DA:16,1
DA:17,1
DA:18,1
DA:19,1
DA:20,1
DA:21,1
DA:22,1
DA:23,1
DA:24,1
DA:25,1
DA:26,1
DA:27,1
DA:28,1
DA:29,1
LF:29
LH:29
BRDA:9,0,0,1
BRDA:13,1,0,1
BRF:2
BRH:2
end_of_record
TN:
SF:src/repositories/teacherClass/TeacherClassRepository.ts
FN:9,TeacherClassRepository
FN:13,create
FNF:2
FNH:2
FNDA:1,TeacherClassRepository
FNDA:1,create
DA:1,1
DA:2,1
DA:3,1
DA:4,1
DA:5,1
DA:6,1
DA:7,1
DA:8,1
DA:9,1
DA:10,1
DA:11,1
DA:12,1
DA:13,1
DA:14,1
DA:15,1
DA:16,1
DA:17,1
DA:18,1
DA:19,1
DA:20,1
DA:21,1
DA:22,1
DA:23,1
LF:23
LH:23
BRDA:9,0,0,1
BRDA:13,1,0,1
BRF:2
BRH:2
end_of_record
TN:
SF:src/routes/class.routes.ts
FNF:0
FNH:0
DA:1,1
DA:2,1
DA:3,1
DA:4,1
DA:5,1
DA:6,1
DA:7,1
DA:8,1
DA:9,1
DA:10,1
DA:11,1
DA:12,1
DA:13,1
DA:14,1
DA:15,1
DA:16,1
DA:17,1
DA:18,1
DA:19,1
DA:20,1
DA:21,1
DA:22,1
LF:22
LH:22
BRF:0
BRH:0
end_of_record
TN:
SF:src/routes/index.ts
FNF:0
FNH:0
DA:1,1
DA:2,1
DA:3,1
DA:4,1
DA:5,1
DA:6,1
DA:7,1
DA:8,1
DA:9,1
DA:10,1
DA:11,1
DA:12,1
DA:13,1
DA:14,1
DA:15,1
DA:16,1
LF:16
LH:16
BRF:0
BRH:0
end_of_record
TN:
SF:src/routes/network.routes.ts
FNF:0
FNH:0
DA:1,1
DA:2,1
DA:3,1
DA:4,1
DA:5,1
DA:6,1
DA:7,1
DA:8,1
DA:9,1
DA:10,1
DA:11,1
DA:12,1
DA:13,1
LF:13
LH:13
BRF:0
BRH:0
end_of_record
TN:
SF:src/routes/school.routes.ts
FNF:0
FNH:0
DA:1,1
DA:2,1
DA:3,1
DA:4,1
DA:5,1
DA:6,1
DA:7,1
DA:8,1
DA:9,1
DA:10,1
DA:11,1
DA:12,1
DA:13,1
DA:14,1
DA:15,1
DA:16,1
DA:17,1
DA:18,1
LF:18
LH:18
BRF:0
BRH:0
end_of_record
TN:
SF:src/routes/student.routes.ts
FNF:0
FNH:0
DA:1,1
DA:2,1
DA:3,1
DA:4,1
DA:5,1
DA:6,1
DA:7,1
DA:8,1
DA:9,1
DA:10,1
DA:11,1
DA:12,1
DA:13,1
DA:14,1
DA:15,1
DA:16,1
DA:17,1
DA:18,1
DA:19,1
DA:20,1
LF:20
LH:20
BRF:0
BRH:0
end_of_record
TN:
SF:src/routes/teacher.routes.ts
FNF:0
FNH:0
DA:1,1
DA:2,1
DA:3,1
DA:4,1
DA:5,1
DA:6,1
DA:7,1
DA:8,1
DA:9,1
DA:10,1
DA:11,1
DA:12,1
DA:13,1
DA:14,1
DA:15,1
DA:16,1
LF:16
LH:16
BRF:0
BRH:0
end_of_record
TN:
SF:src/services/class/CreateClassService.ts
FN:13,CreateClassService
FN:21,execute
FNF:2
FNH:2
FNDA:8,CreateClassService
FNDA:8,execute
DA:1,1
DA:2,1
DA:3,1
DA:4,1
DA:5,1
DA:6,1
DA:7,1
DA:8,1
DA:9,1
DA:10,1
DA:11,1
DA:12,1
DA:13,1
DA:14,8
DA:15,8
DA:16,8
DA:17,8
DA:18,8
DA:19,8
DA:20,1
DA:21,1
DA:22,8
DA:23,8
DA:24,8
DA:25,8
DA:26,8
DA:27,8
DA:28,6
DA:29,6
DA:30,2
DA:31,2
DA:32,4
DA:33,4
DA:34,4
DA:35,1
DA:36,1
DA:37,1
LF:37
LH:37
BRDA:13,0,0,8
BRDA:21,1,0,8
BRDA:28,2,0,6
BRDA:29,3,0,2
BRDA:32,4,0,4
BRF:5
BRH:5
end_of_record
TN:
SF:src/services/class/UpdateClassService.ts
FN:13,UpdateClassService
FN:21,execute
FNF:2
FNH:2
FNDA:1,UpdateClassService
FNDA:1,execute
DA:1,1
DA:2,1
DA:3,1
DA:4,1
DA:5,1
DA:6,1
DA:7,1
DA:8,1
DA:9,1
DA:10,1
DA:11,1
DA:12,1
DA:13,1
DA:14,1
DA:15,1
DA:16,1
DA:17,1
DA:18,1
DA:19,1
DA:20,1
DA:21,1
DA:22,1
DA:23,0
DA:24,0
DA:25,1
DA:26,1
DA:27,1
DA:28,1
DA:29,0
DA:30,0
DA:31,1
DA:32,1
DA:33,1
DA:34,1
DA:35,1
DA:36,1
LF:36
LH:32
BRDA:13,0,0,1
BRDA:21,1,0,1
BRDA:22,2,0,0
BRDA:28,3,0,0
BRF:4
BRH:2
end_of_record
TN:
SF:src/services/network/CreateNetworkService.ts
FN:7,CreateNetworkService
FN:13,execute
FNF:2
FNH:2
FNDA:11,CreateNetworkService
FNDA:11,execute
DA:1,1
DA:2,1
DA:3,1
DA:4,1
DA:5,1
DA:6,1
DA:7,1
DA:8,11
DA:9,11
DA:10,11
DA:11,11
DA:12,1
DA:13,1
DA:14,11
DA:15,11
DA:16,1
DA:17,1
DA:18,1
LF:18
LH:18
BRDA:7,0,0,11
BRDA:13,1,0,11
BRF:2
BRH:2
end_of_record
TN:
SF:src/services/network/UpdateNetworkService.ts
FN:9,UpdateNetworkService
FN:15,execute
FNF:2
FNH:2
FNDA:1,UpdateNetworkService
FNDA:1,execute
DA:1,1
DA:2,1
DA:3,1
DA:4,1
DA:5,1
DA:6,1
DA:7,1
DA:8,1
DA:9,1
DA:10,1
DA:11,1
DA:12,1
DA:13,1
DA:14,1
DA:15,1
DA:16,1
DA:17,0
DA:18,0
DA:19,1
DA:20,1
DA:21,1
DA:22,1
DA:23,1
DA:24,1
LF:24
LH:22
BRDA:9,0,0,1
BRDA:15,1,0,1
BRDA:16,2,0,0
BRF:3
BRH:2
end_of_record
TN:
SF:src/services/school/CreateSchoolService.ts
FN:13,CreateSchoolService
FN:21,execute
FNF:2
FNH:2
FNDA:13,CreateSchoolService
FNDA:13,execute
DA:1,1
DA:2,1
DA:3,1
DA:4,1
DA:5,1
DA:6,1
DA:7,1
DA:8,1
DA:9,1
DA:10,1
DA:11,1
DA:12,1
DA:13,1
DA:14,13
DA:15,13
DA:16,13
DA:17,13
DA:18,13
DA:19,13
DA:20,1
DA:21,1
DA:22,13
DA:23,13
DA:24,13
DA:25,13
DA:26,13
DA:27,13
DA:28,13
DA:29,2
DA:30,2
DA:31,11
DA:32,11
DA:33,11
DA:34,1
DA:35,1
DA:36,1
LF:36
LH:36
BRDA:13,0,0,13
BRDA:21,1,0,13
BRDA:28,2,0,11
BRDA:28,3,0,2
BRF:4
BRH:4
end_of_record
TN:
SF:src/services/school/ListSchoolService.ts
FN:8,ListSchoolService
FN:14,execute
FNF:2
FNH:2
FNDA:1,ListSchoolService
FNDA:1,execute
DA:1,1
DA:2,1
DA:3,1
DA:4,1
DA:5,1
DA:6,1
DA:7,1
DA:8,1
DA:9,1
DA:10,1
DA:11,1
DA:12,1
DA:13,1
DA:14,1
DA:15,1
DA:16,1
DA:17,1
DA:18,1
DA:19,1
LF:19
LH:19
BRDA:8,0,0,1
BRDA:14,1,0,1
BRF:2
BRH:2
end_of_record
TN:
SF:src/services/school/UpdateSchoolService.ts
FN:13,UpdateSchoolService
FN:21,execute
FNF:2
FNH:2
FNDA:1,UpdateSchoolService
FNDA:1,execute
DA:1,1
DA:2,1
DA:3,1
DA:4,1
DA:5,1
DA:6,1
DA:7,1
DA:8,1
DA:9,1
DA:10,1
DA:11,1
DA:12,1
DA:13,1
DA:14,1
DA:15,1
DA:16,1
DA:17,1
DA:18,1
DA:19,1
DA:20,1
DA:21,1
DA:22,1
DA:23,0
DA:24,0
DA:25,1
DA:26,1
DA:27,1
DA:28,1
DA:29,0
DA:30,0
DA:31,1
DA:32,1
DA:33,1
DA:34,1
DA:35,1
DA:36,1
LF:36
LH:32
BRDA:13,0,0,1
BRDA:21,1,0,1
BRDA:22,2,0,0
BRDA:28,3,0,0
BRF:4
BRH:2
end_of_record
TN:
SF:src/services/student/CreateStudentService.ts
FN:13,CreateStudentService
FN:21,execute
FNF:2
FNH:2
FNDA:7,CreateStudentService
FNDA:7,execute
DA:1,1
DA:2,1
DA:3,1
DA:4,1
DA:5,1
DA:6,1
DA:7,1
DA:8,1
DA:9,1
DA:10,1
DA:11,1
DA:12,1
DA:13,1
DA:14,7
DA:15,7
DA:16,7
DA:17,7
DA:18,7
DA:19,7
DA:20,1
DA:21,1
DA:22,7
DA:23,7
DA:24,7
DA:25,7
DA:26,7
DA:27,7
DA:28,7
DA:29,7
DA:30,7
DA:31,2
DA:32,2
DA:33,5
DA:34,5
DA:35,5
DA:36,5
DA:37,5
DA:38,5
DA:39,5
DA:40,5
DA:41,5
DA:42,1
DA:43,1
DA:44,1
LF:44
LH:44
BRDA:13,0,0,7
BRDA:21,1,0,7
BRDA:30,2,0,5
BRDA:30,3,0,2
BRF:4
BRH:4
end_of_record
TN:
SF:src/services/student/ListStudentInNetworkService.ts
FN:7,ListStudentInNetworkService
FN:13,execute
FNF:2
FNH:2
FNDA:1,ListStudentInNetworkService
FNDA:1,execute
DA:1,1
DA:2,1
DA:3,1
DA:4,1
DA:5,1
DA:6,1
DA:7,1
DA:8,1
DA:9,1
DA:10,1
DA:11,1
DA:12,1
DA:13,1
DA:14,1
DA:15,1
DA:16,1
DA:17,1
DA:18,1
LF:18
LH:18
BRDA:7,0,0,1
BRDA:13,1,0,1
BRF:2
BRH:2
end_of_record
TN:
SF:src/services/student/ListStudentService.ts
FN:7,ListStudentService
FN:13,execute
FNF:2
FNH:2
FNDA:1,ListStudentService
FNDA:1,execute
DA:1,1
DA:2,1
DA:3,1
DA:4,1
DA:5,1
DA:6,1
DA:7,1
DA:8,1
DA:9,1
DA:10,1
DA:11,1
DA:12,1
DA:13,1
DA:14,1
DA:15,1
DA:16,1
DA:17,1
DA:18,1
LF:18
LH:18
BRDA:7,0,0,1
BRDA:13,1,0,1
BRF:2
BRH:2
end_of_record
TN:
SF:src/services/student/UpdateStudentService.ts
FN:13,UpdateStudentService
FN:21,execute
FNF:2
FNH:2
FNDA:1,UpdateStudentService
FNDA:1,execute
DA:1,1
DA:2,1
DA:3,1
DA:4,1
DA:5,1
DA:6,1
DA:7,1
DA:8,1
DA:9,1
DA:10,1
DA:11,1
DA:12,1
DA:13,1
DA:14,1
DA:15,1
DA:16,1
DA:17,1
DA:18,1
DA:19,1
DA:20,1
DA:21,1
DA:22,1
DA:23,0
DA:24,0
DA:25,1
DA:26,1
DA:27,1
DA:28,1
DA:29,0
DA:30,0
DA:31,1
DA:32,1
DA:33,1
DA:34,1
DA:35,1
DA:36,1
LF:36
LH:32
BRDA:13,0,0,1
BRDA:21,1,0,1
BRDA:22,2,0,0
BRDA:28,3,0,0
BRF:4
BRH:2
end_of_record
TN:
SF:src/services/studentClass/CreateStudentClassService.ts
FN:15,CreateStudentClassService
FN:25,execute
FNF:2
FNH:2
FNDA:1,CreateStudentClassService
FNDA:1,execute
DA:1,1
DA:2,1
DA:3,1
DA:4,1
DA:5,1
DA:6,1
DA:7,1
DA:8,1
DA:9,1
DA:10,1
DA:11,1
DA:12,1
DA:13,1
DA:14,1
DA:15,1
DA:16,1
DA:17,1
DA:18,1
DA:19,1
DA:20,1
DA:21,1
DA:22,1
DA:23,1
DA:24,1
DA:25,1
DA:26,1
DA:27,1
DA:28,1
DA:29,1
DA:30,1
DA:31,1
DA:32,0
DA:33,0
DA:34,1
DA:35,1
DA:36,1
DA:37,1
DA:38,0
DA:39,0
DA:40,1
DA:41,1
DA:42,1
DA:43,1
DA:44,1
DA:45,1
LF:45
LH:41
BRDA:15,0,0,1
BRDA:25,1,0,1
BRDA:31,2,0,0
BRDA:37,3,0,0
BRF:4
BRH:2
end_of_record
TN:
SF:src/services/teacher/CreateTeacherService.ts
FN:13,CreateTeacherService
FN:20,execute
FNF:2
FNH:2
FNDA:5,CreateTeacherService
FNDA:5,execute
DA:1,1
DA:2,1
DA:3,1
DA:4,1
DA:5,1
DA:6,1
DA:7,1
DA:8,1
DA:9,1
DA:10,1
DA:11,1
DA:12,1
DA:13,1
DA:14,5
DA:15,5
DA:16,5
DA:17,5
DA:18,5
DA:19,5
DA:20,1
DA:21,5
DA:22,5
DA:23,5
DA:24,5
DA:25,5
DA:26,5
DA:27,5
DA:28,5
DA:29,5
DA:30,2
DA:31,2
DA:32,3
DA:33,3
DA:34,3
DA:35,3
DA:36,3
DA:37,3
DA:38,3
DA:39,3
DA:40,3
DA:41,1
DA:42,1
DA:43,1
LF:43
LH:43
BRDA:13,0,0,5
BRDA:20,1,0,5
BRDA:29,2,0,3
BRDA:29,3,0,2
BRF:4
BRH:4
end_of_record
TN:
SF:src/services/teacher/ListTeacherService.ts
FN:7,ListTeacherService
FN:13,execute
FNF:2
FNH:2
FNDA:1,ListTeacherService
FNDA:1,execute
DA:1,1
DA:2,1
DA:3,1
DA:4,1
DA:5,1
DA:6,1
DA:7,1
DA:8,1
DA:9,1
DA:10,1
DA:11,1
DA:12,1
DA:13,1
DA:14,1
DA:15,1
DA:16,1
DA:17,1
DA:18,1
LF:18
LH:18
BRDA:7,0,0,1
BRDA:13,1,0,1
BRF:2
BRH:2
end_of_record
TN:
SF:src/services/teacher/UpdateTeacherService.ts
FN:13,UpdateTeacherService
FN:21,execute
FNF:2
FNH:2
FNDA:1,UpdateTeacherService
FNDA:1,execute
DA:1,1
DA:2,1
DA:3,1
DA:4,1
DA:5,1
DA:6,1
DA:7,1
DA:8,1
DA:9,1
DA:10,1
DA:11,1
DA:12,1
DA:13,1
DA:14,1
DA:15,1
DA:16,1
DA:17,1
DA:18,1
DA:19,1
DA:20,1
DA:21,1
DA:22,1
DA:23,0
DA:24,0
DA:25,1
DA:26,1
DA:27,1
DA:28,1
DA:29,0
DA:30,0
DA:31,1
DA:32,1
DA:33,1
DA:34,1
DA:35,1
DA:36,1
LF:36
LH:32
BRDA:13,0,0,1
BRDA:21,1,0,1
BRDA:22,2,0,0
BRDA:28,3,0,0
BRF:4
BRH:2
end_of_record
TN:
SF:src/services/teacherClass/CreateTeacherClassService.ts
FN:15,CreateTeacherClassService
FN:25,execute
FNF:2
FNH:2
FNDA:1,CreateTeacherClassService
FNDA:1,execute
DA:1,1
DA:2,1
DA:3,1
DA:4,1
DA:5,1
DA:6,1
DA:7,1
DA:8,1
DA:9,1
DA:10,1
DA:11,1
DA:12,1
DA:13,1
DA:14,1
DA:15,1
DA:16,1
DA:17,1
DA:18,1
DA:19,1
DA:20,1
DA:21,1
DA:22,1
DA:23,1
DA:24,1
DA:25,1
DA:26,1
DA:27,1
DA:28,1
DA:29,1
DA:30,1
DA:31,1
DA:32,0
DA:33,0
DA:34,1
DA:35,1
DA:36,1
DA:37,1
DA:38,0
DA:39,0
DA:40,1
DA:41,1
DA:42,1
DA:43,1
DA:44,1
DA:45,1
LF:45
LH:41
BRDA:15,0,0,1
BRDA:25,1,0,1
BRDA:31,2,0,0
BRDA:37,3,0,0
BRF:4
BRH:2
end_of_record
TN:
SF:tests/setup.ts
FNF:0
FNH:0
DA:1,1
DA:2,1
DA:3,1
DA:4,1
DA:5,1
DA:6,1
DA:7,1
DA:8,1
DA:9,1
DA:10,1
DA:11,1
DA:12,1
DA:13,1
DA:14,1
DA:15,1
DA:16,1
DA:17,1
DA:18,1
DA:19,11
DA:20,11
DA:21,1
DA:22,1
DA:23,11
DA:24,11
DA:25,1
DA:26,1
LF:26
LH:26
BRDA:18,0,0,11
BRDA:22,1,0,11
BRF:2
BRH:2
end_of_record
TN:
SF:tests/helpers/helper.ts
FN:23,createNetwork
FN:32,createSchool
FN:40,createTeacher
FN:49,createStudent
FN:58,createClass
FNF:5
FNH:5
FNDA:11,createNetwork
FNDA:10,createSchool
FNDA:2,createTeacher
FNDA:2,createStudent
FNDA:3,createClass
DA:1,1
DA:2,1
DA:3,1
DA:4,1
DA:5,1
DA:6,1
DA:7,1
DA:8,1
DA:9,1
DA:10,1
DA:11,1
DA:12,1
DA:13,1
DA:14,1
DA:15,1
DA:16,1
DA:17,1
DA:18,1
DA:19,1
DA:20,1
DA:21,1
DA:22,1
DA:23,11
DA:24,11
DA:25,11
DA:26,11
DA:27,11
DA:28,11
DA:29,11
DA:30,11
DA:31,1
DA:32,10
DA:33,10
DA:34,10
DA:35,10
DA:36,10
DA:37,10
DA:38,10
DA:39,1
DA:40,2
DA:41,2
DA:42,2
DA:43,2
DA:44,2
DA:45,2
DA:46,2
DA:47,2
DA:48,1
DA:49,2
DA:50,2
DA:51,2
DA:52,2
DA:53,2
DA:54,2
DA:55,2
DA:56,2
DA:57,1
DA:58,3
DA:59,3
DA:60,3
DA:61,3
DA:62,3
DA:63,3
DA:64,3
LF:64
LH:64
BRDA:23,0,0,11
BRDA:32,1,0,10
BRDA:40,2,0,2
BRDA:49,3,0,2
BRDA:58,4,0,3
BRF:5
BRH:5
end_of_record
TN:
SF:tests/helpers/mock.ts
FN:3,mockINetworkRequest
FN:10,mockISchoolRequest
FN:19,mockIStudentRequest
FN:30,mockITeacherRequest
FN:41,mockIClassRequest
FN:51,mockIStudentClassTest
FN:59,mockITeacherClassTest
FNF:7
FNH:7
FNDA:11,mockINetworkRequest
FNDA:12,mockISchoolRequest
FNDA:6,mockIStudentRequest
FNDA:4,mockITeacherRequest
FNDA:5,mockIClassRequest
FNDA:1,mockIStudentClassTest
FNDA:1,mockITeacherClassTest
DA:1,1
DA:2,1
DA:3,11
DA:4,11
DA:5,11
DA:6,11
DA:7,11
DA:8,11
DA:9,1
DA:10,12
DA:11,12
DA:12,12
DA:13,12
DA:14,12
DA:15,12
DA:16,12
DA:17,12
DA:18,1
DA:19,6
DA:20,6
DA:21,6
DA:22,6
DA:23,6
DA:24,6
DA:25,6
DA:26,6
DA:27,6
DA:28,6
DA:29,1
DA:30,4
DA:31,4
DA:32,4
DA:33,4
DA:34,4
DA:35,4
DA:36,4
DA:37,4
DA:38,4
DA:39,4
DA:40,1
DA:41,5
DA:42,5
DA:43,5
DA:44,5
DA:45,5
DA:46,5
DA:47,5
DA:48,5
DA:49,5
DA:50,1
DA:51,1
DA:52,1
DA:53,1
DA:54,1
DA:55,1
DA:56,1
DA:57,1
DA:58,1
DA:59,1
DA:60,1
DA:61,1
DA:62,1
DA:63,1
DA:64,1
DA:65,1
LF:65
LH:65
BRDA:3,0,0,11
BRDA:10,1,0,12
BRDA:19,2,0,6
BRDA:30,3,0,4
BRDA:41,4,0,5
BRDA:51,5,0,1
BRDA:59,6,0,1
BRF:7
BRH:7
end_of_record
