TN:
SF:src/app.ts
FNF:0
FNH:0
DA:1,1
DA:2,1
DA:3,1
DA:4,1
DA:5,1
DA:6,1
DA:7,1
DA:8,1
DA:9,1
DA:10,1
DA:11,1
DA:12,1
DA:13,1
DA:14,0
DA:15,0
DA:16,0
DA:17,0
DA:18,0
DA:19,0
DA:20,0
DA:21,0
DA:22,0
DA:23,0
DA:24,0
DA:25,0
DA:26,0
DA:27,0
DA:28,0
DA:29,0
DA:30,0
DA:31,0
DA:32,0
DA:33,0
DA:34,0
DA:35,0
DA:36,0
DA:37,0
DA:38,0
DA:39,0
DA:40,0
DA:41,0
LF:41
LH:13
BRF:0
BRH:0
end_of_record
TN:
SF:src/controllers/class/CreateClassController.ts
FN:7,handle
FNF:1
FNH:1
FNDA:4,handle
DA:1,1
DA:2,1
DA:3,1
DA:4,1
DA:5,1
DA:6,1
DA:7,1
DA:8,4
DA:9,4
DA:10,4
DA:11,4
DA:12,4
DA:13,4
DA:14,4
DA:15,4
DA:16,4
DA:17,4
DA:18,1
DA:19,1
DA:20,1
LF:20
LH:20
BRDA:7,0,0,4
BRF:1
BRH:1
end_of_record
TN:
SF:src/controllers/class/UpdateClassController.ts
FN:6,handle
FNF:1
FNH:1
FNDA:1,handle
DA:1,1
DA:2,1
DA:3,1
DA:4,1
DA:5,1
DA:6,1
DA:7,1
DA:8,1
DA:9,1
DA:10,1
DA:11,1
DA:12,1
DA:13,1
DA:14,1
DA:15,1
DA:16,1
DA:17,1
DA:18,1
DA:19,1
DA:20,1
LF:20
LH:20
BRDA:6,0,0,1
BRF:1
BRH:1
end_of_record
TN:
SF:src/controllers/network/CreateNetworkController.ts
FN:7,handle
FNF:1
FNH:1
FNDA:11,handle
DA:1,1
DA:2,1
DA:3,1
DA:4,1
DA:5,1
DA:6,1
DA:7,1
DA:8,11
DA:9,11
DA:10,11
DA:11,11
DA:12,11
DA:13,11
DA:14,11
DA:15,11
DA:16,11
DA:17,11
DA:18,11
DA:19,1
DA:20,1
DA:21,1
LF:21
LH:21
BRDA:7,0,0,11
BRF:1
BRH:1
end_of_record
TN:
SF:src/controllers/network/UpdateNetworkController.ts
FN:7,handle
FNF:1
FNH:1
FNDA:1,handle
DA:1,1
DA:2,1
DA:3,1
DA:4,1
DA:5,1
DA:6,1
DA:7,1
DA:8,1
DA:9,1
DA:10,1
DA:11,1
DA:12,1
DA:13,1
DA:14,1
DA:15,1
DA:16,1
DA:17,1
DA:18,1
DA:19,1
DA:20,1
DA:21,1
LF:21
LH:21
BRDA:7,0,0,1
BRF:1
BRH:1
end_of_record
TN:
SF:src/controllers/school/CreateSchoolController.ts
FN:7,handle
FNF:1
FNH:1
FNDA:11,handle
DA:1,1
DA:2,1
DA:3,1
DA:4,1
DA:5,1
DA:6,1
DA:7,1
DA:8,11
DA:9,11
DA:10,11
DA:11,11
DA:12,11
DA:13,11
DA:14,11
DA:15,11
DA:16,11
DA:17,11
DA:18,1
DA:19,1
DA:20,1
LF:20
LH:20
BRDA:7,0,0,11
BRF:1
BRH:1
end_of_record
TN:
SF:src/controllers/school/ListSchoolController.ts
FN:7,handle
FNF:1
FNH:1
FNDA:1,handle
DA:1,1
DA:2,1
DA:3,1
DA:4,1
DA:5,1
DA:6,1
DA:7,1
DA:8,1
DA:9,1
DA:10,1
DA:11,1
DA:12,1
DA:13,1
DA:14,1
DA:15,1
DA:16,1
DA:17,1
DA:18,1
DA:19,1
DA:20,1
LF:20
LH:20
BRDA:7,0,0,1
BRF:1
BRH:1
end_of_record
TN:
SF:src/controllers/school/UpdateSchoolController.ts
FN:6,handle
FNF:1
FNH:1
FNDA:1,handle
DA:1,1
DA:2,1
DA:3,1
DA:4,1
DA:5,1
DA:6,1
DA:7,1
DA:8,1
DA:9,1
DA:10,1
DA:11,1
DA:12,1
DA:13,1
DA:14,1
DA:15,1
DA:16,1
DA:17,1
DA:18,1
DA:19,1
DA:20,1
LF:20
LH:20
BRDA:6,0,0,1
BRF:1
BRH:1
end_of_record
TN:
SF:src/controllers/student/CreateStudentController.ts
FN:7,handle
FNF:1
FNH:1
FNDA:5,handle
DA:1,1
DA:2,1
DA:3,1
DA:4,1
DA:5,1
DA:6,1
DA:7,1
DA:8,5
DA:9,5
DA:10,5
DA:11,5
DA:12,5
DA:13,5
DA:14,5
DA:15,5
DA:16,5
DA:17,5
DA:18,1
DA:19,1
DA:20,1
LF:20
LH:20
BRDA:7,0,0,5
BRF:1
BRH:1
end_of_record
TN:
SF:src/controllers/student/ListStudentController.ts
FN:7,handle
FNF:1
FNH:1
FNDA:1,handle
DA:1,1
DA:2,1
DA:3,1
DA:4,1
DA:5,1
DA:6,1
DA:7,1
DA:8,1
DA:9,1
DA:10,1
DA:11,1
DA:12,1
DA:13,1
DA:14,1
DA:15,1
DA:16,1
DA:17,1
DA:18,1
DA:19,1
DA:20,1
LF:20
LH:20
BRDA:7,0,0,1
BRF:1
BRH:1
end_of_record
TN:
SF:src/controllers/student/ListStudentInNetworkController.ts
FN:7,handle
FNF:1
FNH:1
FNDA:1,handle
DA:1,1
DA:2,1
DA:3,1
DA:4,1
DA:5,1
DA:6,1
DA:7,1
DA:8,1
DA:9,1
DA:10,1
DA:11,1
DA:12,1
DA:13,1
DA:14,1
DA:15,1
DA:16,1
DA:17,1
DA:18,1
DA:19,1
DA:20,1
LF:20
LH:20
BRDA:7,0,0,1
BRF:1
BRH:1
end_of_record
TN:
SF:src/controllers/student/UpdateStudentController.ts
FN:6,handle
FNF:1
FNH:1
FNDA:1,handle
DA:1,1
DA:2,1
DA:3,1
DA:4,1
DA:5,1
DA:6,1
DA:7,1
DA:8,1
DA:9,1
DA:10,1
DA:11,1
DA:12,1
DA:13,1
DA:14,1
DA:15,1
DA:16,1
DA:17,1
DA:18,1
DA:19,1
DA:20,1
LF:20
LH:20
BRDA:6,0,0,1
BRF:1
BRH:1
end_of_record
TN:
SF:src/controllers/studentClass/CreateStudentClassController.ts
FN:7,handle
FNF:1
FNH:1
FNDA:1,handle
DA:1,1
DA:2,1
DA:3,1
DA:4,1
DA:5,1
DA:6,1
DA:7,1
DA:8,1
DA:9,1
DA:10,1
DA:11,1
DA:12,1
DA:13,1
DA:14,1
DA:15,1
DA:16,1
DA:17,1
DA:18,1
DA:19,1
DA:20,1
LF:20
LH:20
BRDA:7,0,0,1
BRF:1
BRH:1
end_of_record
TN:
SF:src/controllers/teacher/CreateTeacherController.ts
FN:7,handle
FNF:1
FNH:1
FNDA:4,handle
DA:1,1
DA:2,1
DA:3,1
DA:4,1
DA:5,1
DA:6,1
DA:7,1
DA:8,4
DA:9,4
DA:10,4
DA:11,4
DA:12,4
DA:13,4
DA:14,4
DA:15,4
DA:16,4
DA:17,4
DA:18,1
DA:19,1
DA:20,1
LF:20
LH:20
BRDA:7,0,0,4
BRF:1
BRH:1
end_of_record
TN:
SF:src/controllers/teacher/ListTeacherController.ts
FN:7,handle
FNF:1
FNH:1
FNDA:1,handle
DA:1,1
DA:2,1
DA:3,1
DA:4,1
DA:5,1
DA:6,1
DA:7,1
DA:8,1
DA:9,1
DA:10,1
DA:11,1
DA:12,1
DA:13,1
DA:14,1
DA:15,1
DA:16,1
DA:17,1
DA:18,1
DA:19,1
DA:20,1
LF:20
LH:20
BRDA:7,0,0,1
BRF:1
BRH:1
end_of_record
TN:
SF:src/controllers/teacher/UpdateTeacherController.ts
FN:6,handle
FNF:1
FNH:1
FNDA:1,handle
DA:1,1
DA:2,1
DA:3,1
DA:4,1
DA:5,1
DA:6,1
DA:7,1
DA:8,1
DA:9,1
DA:10,1
DA:11,1
DA:12,1
DA:13,1
DA:14,1
DA:15,1
DA:16,1
DA:17,1
DA:18,1
DA:19,1
DA:20,1
LF:20
LH:20
BRDA:6,0,0,1
BRF:1
BRH:1
end_of_record
TN:
SF:src/controllers/teacherClass/CreateTeacherClassController.ts
FN:7,handle
FNF:1
FNH:1
FNDA:1,handle
DA:1,1
DA:2,1
DA:3,1
DA:4,1
DA:5,1
DA:6,1
DA:7,1
DA:8,1
DA:9,1
DA:10,1
DA:11,1
DA:12,1
DA:13,1
DA:14,1
DA:15,1
DA:16,1
DA:17,1
DA:18,1
DA:19,1
DA:20,1
LF:20
LH:20
BRDA:7,0,0,1
BRF:1
BRH:1
end_of_record
TN:
SF:src/database/prismaClient.ts
FNF:0
FNH:0
DA:1,1
DA:2,1
DA:3,1
DA:4,1
DA:5,1
LF:5
LH:5
BRF:0
BRH:0
end_of_record
TN:
SF:src/error/AppError.ts
FN:8,AppError
FNF:1
FNH:0
FNDA:0,AppError
DA:1,1
DA:2,1
DA:3,1
DA:4,1
DA:5,1
DA:6,1
DA:7,1
DA:8,1
DA:9,0
DA:10,0
DA:11,0
DA:12,1
DA:13,1
DA:14,1
LF:14
LH:11
BRF:0
BRH:0
end_of_record
TN:
SF:src/repositories/class/ClassRepository.ts
FN:9,ClassRepository
FN:13,create
FNF:2
FNH:2
FNDA:4,ClassRepository
FNDA:4,create
DA:1,1
DA:2,1
DA:3,1
DA:4,1
DA:5,1
DA:6,1
DA:7,1
DA:8,1
DA:9,1
DA:10,4
DA:11,4
DA:12,1
DA:13,1
DA:14,4
DA:15,4
DA:16,4
DA:17,4
DA:18,4
DA:19,4
DA:20,4
DA:21,4
DA:22,4
DA:23,1
DA:24,1
DA:25,1
LF:25
LH:25
BRDA:9,0,0,4
BRDA:13,1,0,4
BRF:2
BRH:2
end_of_record
TN:
SF:src/repositories/class/UpdateClassRepository.ts
FN:9,UpdateClassRepository
FN:13,updateClass
FNF:2
FNH:2
FNDA:1,UpdateClassRepository
FNDA:1,updateClass
DA:1,1
DA:2,1
DA:3,1
DA:4,1
DA:5,1
DA:6,1
DA:7,1
DA:8,1
DA:9,1
DA:10,1
DA:11,1
DA:12,1
DA:13,1
DA:14,1
DA:15,1
DA:16,1
DA:17,1
DA:18,1
DA:19,1
DA:20,1
DA:21,1
DA:22,1
DA:23,1
DA:24,1
DA:25,1
DA:26,1
DA:27,1
DA:28,1
LF:28
LH:28
BRDA:9,0,0,1
BRDA:13,1,0,1
BRF:2
BRH:2
end_of_record
TN:
SF:src/repositories/network/NetworkRepository.ts
FN:9,NetworkRepository
FN:13,create
FNF:2
FNH:2
FNDA:11,NetworkRepository
FNDA:11,create
DA:1,1
DA:2,1
DA:3,1
DA:4,1
DA:5,1
DA:6,1
DA:7,1
DA:8,1
DA:9,1
DA:10,11
DA:11,11
DA:12,1
DA:13,1
DA:14,11
DA:15,11
DA:16,11
DA:17,11
DA:18,11
DA:19,11
DA:20,1
DA:21,1
DA:22,1
LF:22
LH:22
BRDA:9,0,0,11
BRDA:13,1,0,11
BRF:2
BRH:2
end_of_record
TN:
SF:src/repositories/network/UpdateNetworkRepository.ts
FN:9,UpdateNetworkRepository
FN:13,updateNetwork
FNF:2
FNH:2
FNDA:1,UpdateNetworkRepository
FNDA:1,updateNetwork
DA:1,1
DA:2,1
DA:3,1
DA:4,1
DA:5,1
DA:6,1
DA:7,1
DA:8,1
DA:9,1
DA:10,1
DA:11,1
DA:12,1
DA:13,1
DA:14,1
DA:15,1
DA:16,1
DA:17,1
DA:18,1
DA:19,1
DA:20,1
DA:21,1
DA:22,1
DA:23,1
DA:24,1
DA:25,1
LF:25
LH:25
BRDA:9,0,0,1
BRDA:13,1,0,1
BRF:2
BRH:2
end_of_record
TN:
SF:src/repositories/school/CreateSchoolRepository.ts
FN:9,CreateSchoolRepository
FN:13,create
FNF:2
FNH:2
FNDA:11,CreateSchoolRepository
FNDA:11,create
DA:1,1
DA:2,1
DA:3,1
DA:4,1
DA:5,1
DA:6,1
DA:7,1
DA:8,1
DA:9,1
DA:10,11
DA:11,11
DA:12,1
DA:13,1
DA:14,11
DA:15,11
DA:16,11
DA:17,11
DA:18,11
DA:19,11
DA:20,11
DA:21,11
DA:22,1
DA:23,1
DA:24,1
LF:24
LH:24
BRDA:9,0,0,11
BRDA:13,1,0,11
BRF:2
BRH:2
end_of_record
TN:
SF:src/repositories/school/ListSchoolRepository.ts
FN:9,ListSchoolRepository
FN:13,listSchools
FNF:2
FNH:2
FNDA:1,ListSchoolRepository
FNDA:1,listSchools
DA:1,1
DA:2,1
DA:3,1
DA:4,1
DA:5,1
DA:6,1
DA:7,1
DA:8,1
DA:9,1
DA:10,1
DA:11,1
DA:12,1
DA:13,1
DA:14,1
DA:15,1
DA:16,1
DA:17,1
DA:18,1
DA:19,1
DA:20,1
DA:21,1
DA:22,1
LF:22
LH:22
BRDA:9,0,0,1
BRDA:13,1,0,1
BRF:2
BRH:2
end_of_record
TN:
SF:src/repositories/school/UpdateSchoolRepository.ts
FN:9,UpdateSchoolRepository
FN:13,updateSchool
FNF:2
FNH:2
FNDA:1,UpdateSchoolRepository
FNDA:1,updateSchool
DA:1,1
DA:2,1
DA:3,1
DA:4,1
DA:5,1
DA:6,1
DA:7,1
DA:8,1
DA:9,1
DA:10,1
DA:11,1
DA:12,1
DA:13,1
DA:14,1
DA:15,1
DA:16,1
DA:17,1
DA:18,1
DA:19,1
DA:20,1
DA:21,1
DA:22,1
DA:23,1
DA:24,1
DA:25,1
DA:26,1
DA:27,1
LF:27
LH:27
BRDA:9,0,0,1
BRDA:13,1,0,1
BRF:2
BRH:2
end_of_record
TN:
SF:src/repositories/student/ListStudentInNetworkRepository.ts
FN:10,ListStudentInNetworkRepository
FN:14,listStudentInNetwork
FNF:2
FNH:2
FNDA:1,ListStudentInNetworkRepository
FNDA:1,listStudentInNetwork
DA:1,1
DA:2,1
DA:3,1
DA:4,1
DA:5,1
DA:6,1
DA:7,1
DA:8,1
DA:9,1
DA:10,1
DA:11,1
DA:12,1
DA:13,1
DA:14,1
DA:15,1
DA:16,1
DA:17,1
DA:18,1
DA:19,1
DA:20,1
DA:21,1
DA:22,1
DA:23,1
DA:24,1
DA:25,1
DA:26,1
LF:26
LH:26
BRDA:10,0,0,1
BRDA:14,1,0,1
BRF:2
BRH:2
end_of_record
TN:
SF:src/repositories/student/ListStudentRepository.ts
FN:9,ListStudentRepository
FN:13,listStudent
FNF:2
FNH:2
FNDA:1,ListStudentRepository
FNDA:1,listStudent
DA:1,1
DA:2,1
DA:3,1
DA:4,1
DA:5,1
DA:6,1
DA:7,1
DA:8,1
DA:9,1
DA:10,1
DA:11,1
DA:12,1
DA:13,1
DA:14,1
DA:15,1
DA:16,1
DA:17,1
DA:18,1
DA:19,1
DA:20,1
DA:21,1
DA:22,1
LF:22
LH:22
BRDA:9,0,0,1
BRDA:13,1,0,1
BRF:2
BRH:2
end_of_record
TN:
SF:src/repositories/student/StudentRepository.ts
FN:11,StudentRepository
FN:15,create
FNF:2
FNH:2
FNDA:5,StudentRepository
FNDA:5,create
DA:1,1
DA:2,1
DA:3,1
DA:4,1
DA:5,1
DA:6,1
DA:7,1
DA:8,1
DA:9,1
DA:10,1
DA:11,1
DA:12,5
DA:13,5
DA:14,1
DA:15,1
DA:16,5
DA:17,5
DA:18,5
DA:19,5
DA:20,5
DA:21,5
DA:22,5
DA:23,5
DA:24,5
DA:25,5
DA:26,5
DA:27,5
DA:28,1
DA:29,1
DA:30,1
LF:30
LH:30
BRDA:11,0,0,5
BRDA:15,1,0,5
BRF:2
BRH:2
end_of_record
TN:
SF:src/repositories/student/UpdateStudentRepository.ts
FN:11,UpdateStudentRepository
FN:15,updateStudent
FNF:2
FNH:2
FNDA:1,UpdateStudentRepository
FNDA:1,updateStudent
DA:1,1
DA:2,1
DA:3,1
DA:4,1
DA:5,1
DA:6,1
DA:7,1
DA:8,1
DA:9,1
DA:10,1
DA:11,1
DA:12,1
DA:13,1
DA:14,1
DA:15,1
DA:16,1
DA:17,1
DA:18,1
DA:19,1
DA:20,1
DA:21,1
DA:22,1
DA:23,1
DA:24,1
DA:25,1
DA:26,1
DA:27,1
DA:28,1
DA:29,1
DA:30,1
DA:31,1
DA:32,1
DA:33,1
LF:33
LH:33
BRDA:11,0,0,1
BRDA:15,1,0,1
BRF:2
BRH:2
end_of_record
TN:
SF:src/repositories/studentClass/StudentClassRepository.ts
FN:9,StudentClassRepository
FN:13,create
FNF:2
FNH:2
FNDA:1,StudentClassRepository
FNDA:1,create
DA:1,1
DA:2,1
DA:3,1
DA:4,1
DA:5,1
DA:6,1
DA:7,1
DA:8,1
DA:9,1
DA:10,1
DA:11,1
DA:12,1
DA:13,1
DA:14,1
DA:15,1
DA:16,1
DA:17,1
DA:18,1
DA:19,1
DA:20,1
DA:21,1
DA:22,1
DA:23,1
LF:23
LH:23
BRDA:9,0,0,1
BRDA:13,1,0,1
BRF:2
BRH:2
end_of_record
TN:
SF:src/repositories/teacher/ListTeacherRepository.ts
FN:9,ListTeacherRepository
FN:13,listTeacher
FNF:2
FNH:2
FNDA:1,ListTeacherRepository
FNDA:1,listTeacher
DA:1,1
DA:2,1
DA:3,1
DA:4,1
DA:5,1
DA:6,1
DA:7,1
DA:8,1
DA:9,1
DA:10,1
DA:11,1
DA:12,1
DA:13,1
DA:14,1
DA:15,1
DA:16,1
DA:17,1
DA:18,1
DA:19,1
DA:20,1
DA:21,1
DA:22,1
LF:22
LH:22
BRDA:9,0,0,1
BRDA:13,1,0,1
BRF:2
BRH:2
end_of_record
TN:
SF:src/repositories/teacher/TeacherRepository.ts
FN:9,TeacherRepository
FN:13,create
FNF:2
FNH:2
FNDA:4,TeacherRepository
FNDA:4,create
DA:1,1
DA:2,1
DA:3,1
DA:4,1
DA:5,1
DA:6,1
DA:7,1
DA:8,1
DA:9,1
DA:10,4
DA:11,4
DA:12,1
DA:13,1
DA:14,4
DA:15,4
DA:16,4
DA:17,4
DA:18,4
DA:19,4
DA:20,1
DA:21,1
DA:22,1
LF:22
LH:22
BRDA:9,0,0,4
BRDA:13,1,0,4
BRF:2
BRH:2
end_of_record
TN:
SF:src/repositories/teacher/UpdateTeacherRepository.ts
FN:9,UpdateTeacherRepository
FN:13,updateTeacher
FNF:2
FNH:2
FNDA:1,UpdateTeacherRepository
FNDA:1,updateTeacher
DA:1,1
DA:2,1
DA:3,1
DA:4,1
DA:5,1
DA:6,1
DA:7,1
DA:8,1
DA:9,1
DA:10,1
DA:11,1
DA:12,1
DA:13,1
DA:14,1
DA:15,1
DA:16,1
DA:17,1
DA:18,1
DA:19,1
DA:20,1
DA:21,1
DA:22,1
DA:23,1
DA:24,1
DA:25,1
DA:26,1
DA:27,1
DA:28,1
DA:29,1
LF:29
LH:29
BRDA:9,0,0,1
BRDA:13,1,0,1
BRF:2
BRH:2
end_of_record
TN:
SF:src/repositories/teacherClass/TeacherClassRepository.ts
FN:9,TeacherClassRepository
FN:13,create
FNF:2
FNH:2
FNDA:1,TeacherClassRepository
FNDA:1,create
DA:1,1
DA:2,1
DA:3,1
DA:4,1
DA:5,1
DA:6,1
DA:7,1
DA:8,1
DA:9,1
DA:10,1
DA:11,1
DA:12,1
DA:13,1
DA:14,1
DA:15,1
DA:16,1
DA:17,1
DA:18,1
DA:19,1
DA:20,1
DA:21,1
DA:22,1
DA:23,1
LF:23
LH:23
BRDA:9,0,0,1
BRDA:13,1,0,1
BRF:2
BRH:2
end_of_record
TN:
SF:src/routes/class.routes.ts
FNF:0
FNH:0
DA:1,1
DA:2,1
DA:3,1
DA:4,1
DA:5,1
DA:6,1
DA:7,1
DA:8,1
DA:9,1
DA:10,1
DA:11,1
DA:12,1
DA:13,1
DA:14,1
DA:15,1
DA:16,1
DA:17,1
DA:18,1
DA:19,1
DA:20,1
DA:21,1
DA:22,1
LF:22
LH:22
BRF:0
BRH:0
end_of_record
TN:
SF:src/routes/index.ts
FNF:0
FNH:0
DA:1,1
DA:2,1
DA:3,1
DA:4,1
DA:5,1
DA:6,1
DA:7,1
DA:8,1
DA:9,1
DA:10,1
DA:11,1
DA:12,1
DA:13,1
DA:14,1
DA:15,1
DA:16,1
LF:16
LH:16
BRF:0
BRH:0
end_of_record
TN:
SF:src/routes/network.routes.ts
FNF:0
FNH:0
DA:1,1
DA:2,1
DA:3,1
DA:4,1
DA:5,1
DA:6,1
DA:7,1
DA:8,1
DA:9,1
DA:10,1
DA:11,1
DA:12,1
DA:13,1
LF:13
LH:13
BRF:0
BRH:0
end_of_record
TN:
SF:src/routes/school.routes.ts
FNF:0
FNH:0
DA:1,1
DA:2,1
DA:3,1
DA:4,1
DA:5,1
DA:6,1
DA:7,1
DA:8,1
DA:9,1
DA:10,1
DA:11,1
DA:12,1
DA:13,1
DA:14,1
DA:15,1
DA:16,1
DA:17,1
DA:18,1
LF:18
LH:18
BRF:0
BRH:0
end_of_record
TN:
SF:src/routes/student.routes.ts
FNF:0
FNH:0
DA:1,1
DA:2,1
DA:3,1
DA:4,1
DA:5,1
DA:6,1
DA:7,1
DA:8,1
DA:9,1
DA:10,1
DA:11,1
DA:12,1
DA:13,1
DA:14,1
DA:15,1
DA:16,1
DA:17,1
DA:18,1
DA:19,1
DA:20,1
LF:20
LH:20
BRF:0
BRH:0
end_of_record
TN:
SF:src/routes/teacher.routes.ts
FNF:0
FNH:0
DA:1,1
DA:2,1
DA:3,1
DA:4,1
DA:5,1
DA:6,1
DA:7,1
DA:8,1
DA:9,1
DA:10,1
DA:11,1
DA:12,1
DA:13,1
DA:14,1
DA:15,1
DA:16,1
LF:16
LH:16
BRF:0
BRH:0
end_of_record
TN:
SF:src/services/class/CreateClassService.ts
FN:7,CreateClassService
FN:13,execute
FNF:2
FNH:2
FNDA:4,CreateClassService
FNDA:4,execute
DA:1,1
DA:2,1
DA:3,1
DA:4,1
DA:5,1
DA:6,1
DA:7,1
DA:8,4
DA:9,4
DA:10,4
DA:11,4
DA:12,1
DA:13,1
DA:14,4
DA:15,4
DA:16,1
DA:17,1
DA:18,1
LF:18
LH:18
BRDA:7,0,0,4
BRDA:13,1,0,4
BRF:2
BRH:2
end_of_record
TN:
SF:src/services/class/UpdateClassService.ts
FN:8,UpdateClassService
FN:14,execute
FNF:2
FNH:2
FNDA:1,UpdateClassService
FNDA:1,execute
DA:1,1
DA:2,1
DA:3,1
DA:4,1
DA:5,1
DA:6,1
DA:7,1
DA:8,1
DA:9,1
DA:10,1
DA:11,1
DA:12,1
DA:13,1
DA:14,1
DA:15,1
DA:16,0
DA:17,0
DA:18,1
DA:19,1
DA:20,1
DA:21,1
DA:22,1
DA:23,1
LF:23
LH:21
BRDA:8,0,0,1
BRDA:14,1,0,1
BRDA:15,2,0,0
BRF:3
BRH:2
end_of_record
TN:
SF:src/services/network/CreateNetworkService.ts
FN:7,CreateNetworkService
FN:13,execute
FNF:2
FNH:2
FNDA:11,CreateNetworkService
FNDA:11,execute
DA:1,1
DA:2,1
DA:3,1
DA:4,1
DA:5,1
DA:6,1
DA:7,1
DA:8,11
DA:9,11
DA:10,11
DA:11,11
DA:12,1
DA:13,1
DA:14,11
DA:15,11
DA:16,1
DA:17,1
DA:18,1
LF:18
LH:18
BRDA:7,0,0,11
BRDA:13,1,0,11
BRF:2
BRH:2
end_of_record
TN:
SF:src/services/network/UpdateNetworkService.ts
FN:9,UpdateNetworkService
FN:15,execute
FNF:2
FNH:2
FNDA:1,UpdateNetworkService
FNDA:1,execute
DA:1,1
DA:2,1
DA:3,1
DA:4,1
DA:5,1
DA:6,1
DA:7,1
DA:8,1
DA:9,1
DA:10,1
DA:11,1
DA:12,1
DA:13,1
DA:14,1
DA:15,1
DA:16,1
DA:17,0
DA:18,0
DA:19,1
DA:20,1
DA:21,1
DA:22,1
DA:23,1
DA:24,1
LF:24
LH:22
BRDA:9,0,0,1
BRDA:15,1,0,1
BRDA:16,2,0,0
BRF:3
BRH:2
end_of_record
TN:
SF:src/services/school/CreateSchoolService.ts
FN:7,CreateSchoolService
FN:13,execute
FNF:2
FNH:2
FNDA:11,CreateSchoolService
FNDA:11,execute
DA:1,1
DA:2,1
DA:3,1
DA:4,1
DA:5,1
DA:6,1
DA:7,1
DA:8,11
DA:9,11
DA:10,11
DA:11,11
DA:12,1
DA:13,1
DA:14,11
DA:15,11
DA:16,1
DA:17,1
DA:18,1
LF:18
LH:18
BRDA:7,0,0,11
BRDA:13,1,0,11
BRF:2
BRH:2
end_of_record
TN:
SF:src/services/school/ListSchoolService.ts
FN:8,ListSchoolService
FN:14,execute
FNF:2
FNH:2
FNDA:1,ListSchoolService
FNDA:1,execute
DA:1,1
DA:2,1
DA:3,1
DA:4,1
DA:5,1
DA:6,1
DA:7,1
DA:8,1
DA:9,1
DA:10,1
DA:11,1
DA:12,1
DA:13,1
DA:14,1
DA:15,1
DA:16,1
DA:17,1
DA:18,1
DA:19,1
LF:19
LH:19
BRDA:8,0,0,1
BRDA:14,1,0,1
BRF:2
BRH:2
end_of_record
TN:
SF:src/services/school/UpdateSchoolService.ts
FN:8,UpdateSchoolService
FN:14,execute
FNF:2
FNH:2
FNDA:1,UpdateSchoolService
FNDA:1,execute
DA:1,1
DA:2,1
DA:3,1
DA:4,1
DA:5,1
DA:6,1
DA:7,1
DA:8,1
DA:9,1
DA:10,1
DA:11,1
DA:12,1
DA:13,1
DA:14,1
DA:15,1
DA:16,0
DA:17,0
DA:18,1
DA:19,1
DA:20,1
DA:21,1
DA:22,1
DA:23,1
LF:23
LH:21
BRDA:8,0,0,1
BRDA:14,1,0,1
BRDA:15,2,0,0
BRF:3
BRH:2
end_of_record
TN:
SF:src/services/student/CreateStudentService.ts
FN:8,CreateStudentService
FN:14,execute
FNF:2
FNH:2
FNDA:5,CreateStudentService
FNDA:5,execute
DA:1,1
DA:2,1
DA:3,1
DA:4,1
DA:5,1
DA:6,1
DA:7,1
DA:8,1
DA:9,5
DA:10,5
DA:11,5
DA:12,5
DA:13,1
DA:14,1
DA:15,5
DA:16,5
DA:17,1
DA:18,1
DA:19,1
LF:19
LH:19
BRDA:8,0,0,5
BRDA:14,1,0,5
BRF:2
BRH:2
end_of_record
TN:
SF:src/services/student/ListStudentInNetworkService.ts
FN:7,ListStudentInNetworkService
FN:13,execute
FNF:2
FNH:2
FNDA:1,ListStudentInNetworkService
FNDA:1,execute
DA:1,1
DA:2,1
DA:3,1
DA:4,1
DA:5,1
DA:6,1
DA:7,1
DA:8,1
DA:9,1
DA:10,1
DA:11,1
DA:12,1
DA:13,1
DA:14,1
DA:15,1
DA:16,1
DA:17,1
DA:18,1
LF:18
LH:18
BRDA:7,0,0,1
BRDA:13,1,0,1
BRF:2
BRH:2
end_of_record
TN:
SF:src/services/student/ListStudentService.ts
FN:7,ListStudentService
FN:13,execute
FNF:2
FNH:2
FNDA:1,ListStudentService
FNDA:1,execute
DA:1,1
DA:2,1
DA:3,1
DA:4,1
DA:5,1
DA:6,1
DA:7,1
DA:8,1
DA:9,1
DA:10,1
DA:11,1
DA:12,1
DA:13,1
DA:14,1
DA:15,1
DA:16,1
DA:17,1
DA:18,1
LF:18
LH:18
BRDA:7,0,0,1
BRDA:13,1,0,1
BRF:2
BRH:2
end_of_record
TN:
SF:src/services/student/UpdateStudentService.ts
FN:9,UpdateStudentService
FN:15,execute
FNF:2
FNH:2
FNDA:1,UpdateStudentService
FNDA:1,execute
DA:1,1
DA:2,1
DA:3,1
DA:4,1
DA:5,1
DA:6,1
DA:7,1
DA:8,1
DA:9,1
DA:10,1
DA:11,1
DA:12,1
DA:13,1
DA:14,1
DA:15,1
DA:16,1
DA:17,0
DA:18,0
DA:19,1
DA:20,1
DA:21,1
DA:22,1
DA:23,1
DA:24,1
LF:24
LH:22
BRDA:9,0,0,1
BRDA:15,1,0,1
BRDA:16,2,0,0
BRF:3
BRH:2
end_of_record
TN:
SF:src/services/studentClass/CreateStudentClassService.ts
FN:9,CreateStudentClassService
FN:15,execute
FNF:2
FNH:2
FNDA:1,CreateStudentClassService
FNDA:1,execute
DA:1,1
DA:2,1
DA:3,1
DA:4,1
DA:5,1
DA:6,1
DA:7,1
DA:8,1
DA:9,1
DA:10,1
DA:11,1
DA:12,1
DA:13,1
DA:14,1
DA:15,1
DA:16,1
DA:17,1
DA:18,1
DA:19,1
DA:20,1
DA:21,1
DA:22,1
DA:23,1
DA:24,1
DA:25,1
DA:26,1
DA:27,1
DA:28,1
DA:29,1
DA:30,1
DA:31,1
DA:32,1
DA:33,1
DA:34,1
DA:35,1
DA:36,1
DA:37,1
DA:38,1
DA:39,1
DA:40,1
LF:40
LH:40
BRDA:9,0,0,1
BRDA:15,1,0,1
BRF:2
BRH:2
end_of_record
TN:
SF:src/services/teacher/CreateTeacherService.ts
FN:7,CreateTeacherService
FN:12,execute
FNF:2
FNH:2
FNDA:4,CreateTeacherService
FNDA:4,execute
DA:1,1
DA:2,1
DA:3,1
DA:4,1
DA:5,1
DA:6,1
DA:7,1
DA:8,4
DA:9,4
DA:10,4
DA:11,4
DA:12,1
DA:13,4
DA:14,4
DA:15,1
DA:16,1
DA:17,1
LF:17
LH:17
BRDA:7,0,0,4
BRDA:12,1,0,4
BRF:2
BRH:2
end_of_record
TN:
SF:src/services/teacher/ListTeacherService.ts
FN:7,ListTeacherService
FN:13,execute
FNF:2
FNH:2
FNDA:1,ListTeacherService
FNDA:1,execute
DA:1,1
DA:2,1
DA:3,1
DA:4,1
DA:5,1
DA:6,1
DA:7,1
DA:8,1
DA:9,1
DA:10,1
DA:11,1
DA:12,1
DA:13,1
DA:14,1
DA:15,1
DA:16,1
DA:17,1
DA:18,1
LF:18
LH:18
BRDA:7,0,0,1
BRDA:13,1,0,1
BRF:2
BRH:2
end_of_record
TN:
SF:src/services/teacher/UpdateTeacherService.ts
FN:8,UpdateTeacherService
FN:14,execute
FNF:2
FNH:2
FNDA:1,UpdateTeacherService
FNDA:1,execute
DA:1,1
DA:2,1
DA:3,1
DA:4,1
DA:5,1
DA:6,1
DA:7,1
DA:8,1
DA:9,1
DA:10,1
DA:11,1
DA:12,1
DA:13,1
DA:14,1
DA:15,1
DA:16,0
DA:17,0
DA:18,1
DA:19,1
DA:20,1
DA:21,1
DA:22,1
DA:23,1
LF:23
LH:21
BRDA:8,0,0,1
BRDA:14,1,0,1
BRDA:15,2,0,0
BRF:3
BRH:2
end_of_record
TN:
SF:src/services/teacherClass/CreateTeacherClassService.ts
FN:8,CreateTeacherClassService
FN:14,execute
FNF:2
FNH:2
FNDA:1,CreateTeacherClassService
FNDA:1,execute
DA:1,1
DA:2,1
DA:3,1
DA:4,1
DA:5,1
DA:6,1
DA:7,1
DA:8,1
DA:9,1
DA:10,1
DA:11,1
DA:12,1
DA:13,1
DA:14,1
DA:15,1
DA:16,1
DA:17,1
DA:18,1
DA:19,1
DA:20,1
DA:21,1
DA:22,1
DA:23,1
DA:24,1
DA:25,1
DA:26,1
DA:27,1
DA:28,1
DA:29,1
DA:30,1
DA:31,1
DA:32,1
DA:33,1
DA:34,1
DA:35,1
DA:36,1
DA:37,1
DA:38,1
DA:39,1
LF:39
LH:39
BRDA:8,0,0,1
BRDA:14,1,0,1
BRF:2
BRH:2
end_of_record
TN:
SF:tests/setup.ts
FNF:0
FNH:0
DA:1,1
DA:2,1
DA:3,1
DA:4,1
DA:5,1
DA:6,1
DA:7,1
DA:8,1
DA:9,1
DA:10,1
DA:11,1
DA:12,1
DA:13,1
DA:14,1
DA:15,1
DA:16,1
DA:17,1
DA:18,1
DA:19,11
DA:20,11
DA:21,1
DA:22,1
DA:23,11
DA:24,11
DA:25,1
DA:26,1
LF:26
LH:26
BRDA:18,0,0,11
BRDA:22,1,0,11
BRF:2
BRH:2
end_of_record
TN:
SF:tests/helpers/helper.ts
FN:23,createNetwork
FN:32,createSchool
FN:40,createTeacher
FN:49,createStudent
FN:58,createClass
FNF:5
FNH:5
FNDA:11,createNetwork
FNDA:9,createSchool
FNDA:2,createTeacher
FNDA:2,createStudent
FNDA:3,createClass
DA:1,1
DA:2,1
DA:3,1
DA:4,1
DA:5,1
DA:6,1
DA:7,1
DA:8,1
DA:9,1
DA:10,1
DA:11,1
DA:12,1
DA:13,1
DA:14,1
DA:15,1
DA:16,1
DA:17,1
DA:18,1
DA:19,1
DA:20,1
DA:21,1
DA:22,1
DA:23,11
DA:24,11
DA:25,11
DA:26,11
DA:27,11
DA:28,11
DA:29,11
DA:30,11
DA:31,1
DA:32,9
DA:33,9
DA:34,9
DA:35,9
DA:36,9
DA:37,9
DA:38,9
DA:39,1
DA:40,2
DA:41,2
DA:42,2
DA:43,2
DA:44,2
DA:45,2
DA:46,2
DA:47,2
DA:48,1
DA:49,2
DA:50,2
DA:51,2
DA:52,2
DA:53,2
DA:54,2
DA:55,2
DA:56,2
DA:57,1
DA:58,3
DA:59,3
DA:60,3
DA:61,3
DA:62,3
DA:63,3
DA:64,3
LF:64
LH:64
BRDA:23,0,0,11
BRDA:32,1,0,9
BRDA:40,2,0,2
BRDA:49,3,0,2
BRDA:58,4,0,3
BRF:5
BRH:5
end_of_record
TN:
SF:tests/helpers/mock.ts
FN:3,mockINetworkRequest
FN:10,mockISchoolRequest
FN:19,mockIStudentRequest
FN:30,mockITeacherRequest
FN:41,mockIClassRequest
FN:51,mockIStudentClassTest
FN:59,mockITeacherClassTest
FNF:7
FNH:7
FNDA:11,mockINetworkRequest
FNDA:12,mockISchoolRequest
FNDA:6,mockIStudentRequest
FNDA:5,mockITeacherRequest
FNDA:5,mockIClassRequest
FNDA:1,mockIStudentClassTest
FNDA:1,mockITeacherClassTest
DA:1,1
DA:2,1
DA:3,11
DA:4,11
DA:5,11
DA:6,11
DA:7,11
DA:8,11
DA:9,1
DA:10,12
DA:11,12
DA:12,12
DA:13,12
DA:14,12
DA:15,12
DA:16,12
DA:17,12
DA:18,1
DA:19,6
DA:20,6
DA:21,6
DA:22,6
DA:23,6
DA:24,6
DA:25,6
DA:26,6
DA:27,6
DA:28,6
DA:29,1
DA:30,5
DA:31,5
DA:32,5
DA:33,5
DA:34,5
DA:35,5
DA:36,5
DA:37,5
DA:38,5
DA:39,5
DA:40,1
DA:41,5
DA:42,5
DA:43,5
DA:44,5
DA:45,5
DA:46,5
DA:47,5
DA:48,5
DA:49,5
DA:50,1
DA:51,1
DA:52,1
DA:53,1
DA:54,1
DA:55,1
DA:56,1
DA:57,1
DA:58,1
DA:59,1
DA:60,1
DA:61,1
DA:62,1
DA:63,1
DA:64,1
DA:65,1
LF:65
LH:65
BRDA:3,0,0,11
BRDA:10,1,0,12
BRDA:19,2,0,6
BRDA:30,3,0,5
BRDA:41,4,0,5
BRDA:51,5,0,1
BRDA:59,6,0,1
BRF:7
BRH:7
end_of_record
